<?xml version="1.0" encoding="UTF-8" ?>
<testsuite tests="2" failures="0" name="com.mycompany.pcs_grupo_jaj.Trabajos_AltaTest" time="0.029" errors="1" skipped="0">
  <properties>
    <property name="jansi.mode" value="strip"/>
    <property name="java.runtime.name" value="Java(TM) SE Runtime Environment"/>
    <property name="java.vm.version" value="14.0.2+12-46"/>
    <property name="sun.boot.library.path" value="C:\Program Files\Java\jdk-14.0.2\bin"/>
    <property name="maven.multiModuleProjectDirectory" value="D:\Ingeniería Informática\Asignaturas\43 GIIN Mantenimiento y evolución del Software\Proyecto_Supercomputadores\PCS_Grupo_JAJ"/>
    <property name="java.vm.vendor" value="Oracle Corporation"/>
    <property name="java.vendor.url" value="https://java.oracle.com/"/>
    <property name="guice.disable.misplaced.annotation.check" value="true"/>
    <property name="path.separator" value=";"/>
    <property name="java.vm.name" value="Java HotSpot(TM) 64-Bit Server VM"/>
    <property name="sun.os.patch.level" value=""/>
    <property name="user.script" value=""/>
    <property name="user.country" value="ES"/>
    <property name="sun.java.launcher" value="SUN_STANDARD"/>
    <property name="java.vm.specification.name" value="Java Virtual Machine Specification"/>
    <property name="user.dir" value="D:\Ingeniería Informática\Asignaturas\43 GIIN Mantenimiento y evolución del Software\Proyecto_Supercomputadores\PCS_Grupo_JAJ"/>
    <property name="java.vm.compressedOopsMode" value="32-bit"/>
    <property name="java.runtime.version" value="14.0.2+12-46"/>
    <property name="os.arch" value="amd64"/>
    <property name="java.io.tmpdir" value="C:\Users\Alfonso\AppData\Local\Temp\"/>
    <property name="line.separator" value="
"/>
    <property name="java.vm.specification.vendor" value="Oracle Corporation"/>
    <property name="user.variant" value=""/>
    <property name="os.name" value="Windows 10"/>
    <property name="classworlds.conf" value="C:\Users\Alfonso\eclipse-workspace\.metadata\.plugins\org.eclipse.m2e.launching\launches\m2conf5430851798751664244.tmp"/>
    <property name="sun.jnu.encoding" value="Cp1252"/>
    <property name="java.library.path" value="C:\Program Files\Java\jdk-14.0.2\bin;C:\WINDOWS\Sun\Java\bin;C:\WINDOWS\system32;C:\WINDOWS;C:/Program Files/Java/jdk-14.0.2/bin/server;C:/Program Files/Java/jdk-14.0.2/bin;C:\Python310\Scripts\;C:\Python310\;\WINDOWS;C:\WINDOWS\system32;C:\Program Files\Java\jdk1.8.0_221\bin;C:\WINDOWS\system32;C:\WINDOWS;C:\WINDOWS\System32\Wbem;C:\WINDOWS\System32\WindowsPowerShell\v1.0\;C:\WINDOWS\System32\OpenSSH\;C:\xampp\php;C:\ProgramData\ComposerSetup\bin;C:\Program Files\AutoFirma\AutoFirma;C:\Program Files (x86)\Brackets\command;C:\Program Files\Java\jdk-13.0.2\bin;C:\Program Files\Git\cmd;C:\Program Files\Git\mingw64\bin;C:\Program Files\Git\usr\bin;C:\Program Files\dotnet\;C:\Program Files\nodejs\;C:\ProgramData\chocolatey\bin;%M2_HOME%\bin;C:\Users\Alfonso\AppData\Local\Programs\Python\Python39\Scripts\;C:\Users\Alfonso\AppData\Local\Programs\Python\Python39\;C:\Program Files\MySQL\MySQL Shell 8.0\bin\;C:\WINDOWS\system32\config\systemprofile\AppData\Local\Microsoft\WindowsApps;C:\Users\Alfonso\AppData\Roaming\Quest Software\vWorkspace Client\;C:\Users\Alfonso\Anaconda3;C:\Users\Alfonso\Anaconda3\Scripts;C:\Users\Alfonso\Anaconda3\Library\bin;C:\Users\Alfonso\AppData\Local\Programs\Microsoft VS Code\bin;C:\Users\Alfonso\AppData\Roaming\Composer\vendor\bin;C:\Users\Alfonso\Desktop\Ingeniería Informática\Año 1\2º Cuatrimestre\Bases de Datos\Tarea 4;C:\Program Files\Docker Toolbox;C:\Users\Alfonso\AppData\Local\Microsoft\WindowsApps;C:\Users\Alfonso\AppData\Local\GitHubDesktop\bin;C:\Users\Alfonso\.dotnet\tools;C:\Users\Alfonso\AppData\Roaming\npm;C:\Program Files\JetBrains\PyCharm 2021.3.2\bin;;C:\apache-maven-3.8.5\bin;;C:\WINDOWS\System32;;."/>
    <property name="jdk.debug" value="release"/>
    <property name="java.class.version" value="58.0"/>
    <property name="java.specification.name" value="Java Platform API Specification"/>
    <property name="sun.management.compiler" value="HotSpot 64-Bit Tiered Compilers"/>
    <property name="os.version" value="10.0"/>
    <property name="user.home" value="C:\Users\Alfonso"/>
    <property name="user.timezone" value="Europe/Madrid"/>
    <property name="file.encoding" value="Cp1252"/>
    <property name="java.specification.version" value="14"/>
    <property name="user.name" value="Alfonso"/>
    <property name="java.class.path" value="C:\Users\Alfonso\.p2\pool\plugins\org.eclipse.m2e.maven.runtime_1.18.3.20220227-1319\jars\plexus-classworlds-2.6.0.jar"/>
    <property name="java.vm.specification.version" value="14"/>
    <property name="sun.arch.data.model" value="64"/>
    <property name="sun.java.command" value="org.codehaus.plexus.classworlds.launcher.Launcher -B clean site:site"/>
    <property name="java.home" value="C:\Program Files\Java\jdk-14.0.2"/>
    <property name="user.language" value="es"/>
    <property name="java.specification.vendor" value="Oracle Corporation"/>
    <property name="java.vm.info" value="mixed mode, sharing"/>
    <property name="java.version" value="14.0.2"/>
    <property name="java.vendor" value="Oracle Corporation"/>
    <property name="maven.home" value="D:\Ingeniería Informática\Asignaturas\43 GIIN Mantenimiento y evolución del Software\Proyecto_Supercomputadores\PCS_Grupo_JAJ\EMBEDDED"/>
    <property name="file.separator" value="\"/>
    <property name="java.version.date" value="2020-07-14"/>
    <property name="java.vendor.url.bug" value="https://bugreport.java.com/bugreport/"/>
    <property name="sun.io.unicode.encoding" value="UnicodeLittle"/>
    <property name="sun.cpu.endian" value="little"/>
    <property name="sun.cpu.isalist" value="amd64"/>
  </properties>
  <testcase classname="com.mycompany.pcs_grupo_jaj.Trabajos_AltaTest" name="testMain" time="0.016"/>
  <testcase classname="com.mycompany.pcs_grupo_jaj.Trabajos_AltaTest" name="testAltaTrabajo" time="0.013">
    <error type="java.util.ConcurrentModificationException">java.util.ConcurrentModificationException
	at java.base/java.util.HashMap$HashIterator.nextNode(HashMap.java:1584)
	at java.base/java.util.HashMap$KeyIterator.next(HashMap.java:1607)
	at java.desktop/javax.swing.plaf.nimbus.NimbusStyle.validate(NimbusStyle.java:361)
	at java.desktop/javax.swing.plaf.nimbus.NimbusStyle.getValues(NimbusStyle.java:820)
	at java.desktop/javax.swing.plaf.nimbus.NimbusStyle.getInsets(NimbusStyle.java:493)
	at java.desktop/javax.swing.plaf.synth.SynthStyle.installDefaults(SynthStyle.java:915)
	at java.desktop/javax.swing.plaf.synth.SynthLookAndFeel.updateStyle(SynthLookAndFeel.java:270)
	at java.desktop/javax.swing.plaf.synth.SynthLabelUI.updateStyle(SynthLabelUI.java:69)
	at java.desktop/javax.swing.plaf.synth.SynthLabelUI.installDefaults(SynthLabelUI.java:64)
	at java.desktop/javax.swing.plaf.basic.BasicLabelUI.installUI(BasicLabelUI.java:343)
	at java.desktop/javax.swing.JComponent.setUI(JComponent.java:685)
	at java.desktop/javax.swing.JLabel.setUI(JLabel.java:256)
	at java.desktop/javax.swing.JLabel.updateUI(JLabel.java:270)
	at java.desktop/javax.swing.JLabel.&lt;init&gt;(JLabel.java:162)
	at java.desktop/javax.swing.JLabel.&lt;init&gt;(JLabel.java:233)
	at com.mycompany.pcs_grupo_jaj.Trabajos_Alta.initComponents(Trabajos_Alta.java:38)
	at com.mycompany.pcs_grupo_jaj.Trabajos_Alta.&lt;init&gt;(Trabajos_Alta.java:26)
	at com.mycompany.pcs_grupo_jaj.Trabajos_AltaTest.testAltaTrabajo(Trabajos_AltaTest.java:62)
	at java.base/jdk.internal.reflect.NativeMethodAccessorImpl.invoke0(Native Method)
	at java.base/jdk.internal.reflect.NativeMethodAccessorImpl.invoke(NativeMethodAccessorImpl.java:62)
	at java.base/jdk.internal.reflect.DelegatingMethodAccessorImpl.invoke(DelegatingMethodAccessorImpl.java:43)
	at java.base/java.lang.reflect.Method.invoke(Method.java:564)
	at org.junit.runners.model.FrameworkMethod$1.runReflectiveCall(FrameworkMethod.java:50)
	at org.junit.internal.runners.model.ReflectiveCallable.run(ReflectiveCallable.java:12)
	at org.junit.runners.model.FrameworkMethod.invokeExplosively(FrameworkMethod.java:47)
	at org.junit.internal.runners.statements.InvokeMethod.evaluate(InvokeMethod.java:17)
	at org.junit.internal.runners.statements.RunBefores.evaluate(RunBefores.java:26)
	at org.junit.internal.runners.statements.RunAfters.evaluate(RunAfters.java:27)
	at org.junit.runners.ParentRunner.runLeaf(ParentRunner.java:325)
	at org.junit.runners.BlockJUnit4ClassRunner.runChild(BlockJUnit4ClassRunner.java:78)
	at org.junit.runners.BlockJUnit4ClassRunner.runChild(BlockJUnit4ClassRunner.java:57)
	at org.junit.runners.ParentRunner$3.run(ParentRunner.java:290)
	at org.junit.runners.ParentRunner$1.schedule(ParentRunner.java:71)
	at org.junit.runners.ParentRunner.runChildren(ParentRunner.java:288)
	at org.junit.runners.ParentRunner.access$000(ParentRunner.java:58)
	at org.junit.runners.ParentRunner$2.evaluate(ParentRunner.java:268)
	at org.junit.internal.runners.statements.RunBefores.evaluate(RunBefores.java:26)
	at org.junit.internal.runners.statements.RunAfters.evaluate(RunAfters.java:27)
	at org.junit.runners.ParentRunner.run(ParentRunner.java:363)
	at org.apache.maven.surefire.junit4.JUnit4Provider.execute(JUnit4Provider.java:252)
	at org.apache.maven.surefire.junit4.JUnit4Provider.executeTestSet(JUnit4Provider.java:141)
	at org.apache.maven.surefire.junit4.JUnit4Provider.invoke(JUnit4Provider.java:112)
	at java.base/jdk.internal.reflect.NativeMethodAccessorImpl.invoke0(Native Method)
	at java.base/jdk.internal.reflect.NativeMethodAccessorImpl.invoke(NativeMethodAccessorImpl.java:62)
	at java.base/jdk.internal.reflect.DelegatingMethodAccessorImpl.invoke(DelegatingMethodAccessorImpl.java:43)
	at java.base/java.lang.reflect.Method.invoke(Method.java:564)
	at org.apache.maven.surefire.util.ReflectionUtils.invokeMethodWithArray(ReflectionUtils.java:189)
	at org.apache.maven.surefire.booter.ProviderFactory$ProviderProxy.invoke(ProviderFactory.java:165)
	at org.apache.maven.surefire.booter.ProviderFactory.invokeProvider(ProviderFactory.java:85)
	at org.apache.maven.surefire.booter.ForkedBooter.runSuitesInProcess(ForkedBooter.java:115)
	at org.apache.maven.surefire.booter.ForkedBooter.main(ForkedBooter.java:75)
</error>
    <system-out>altaTrabajo
</system-out>
  </testcase>
</testsuite>